  OpenCVApplication.cpp
D:\FACULTATE\AN 4\PRS\Project\PRS_PROJECT\OpenCVApplication.cpp(22,16): warning C4244: '=': conversion from 'int' to '_Tp', possible loss of data
          with
          [
              _Tp=float
          ]
D:\FACULTATE\AN 4\PRS\Project\PRS_PROJECT\OpenCVApplication.cpp(23,16): warning C4244: '=': conversion from 'int' to '_Tp', possible loss of data
          with
          [
              _Tp=float
          ]
D:\FACULTATE\AN 4\PRS\Project\PRS_PROJECT\OpenCVApplication.cpp(48,12): warning C4244: 'argument': conversion from 'time_t' to 'unsigned int', possible loss of data
D:\FACULTATE\AN 4\PRS\Project\PRS_PROJECT\OpenCVApplication.cpp(82,16): warning C4244: '=': conversion from 'double' to 'int', possible loss of data
D:\FACULTATE\AN 4\PRS\Project\PRS_PROJECT\OpenCVApplication.cpp(163,25): warning C4244: '=': conversion from '_Tp' to '_Tp', possible loss of data
          with
          [
              _Tp=double
          ]
          and
          [
              _Tp=uchar
          ]
D:\FACULTATE\AN 4\PRS\Project\PRS_PROJECT\OpenCVApplication.cpp(164,25): warning C4244: '=': conversion from '_Tp' to '_Tp', possible loss of data
          with
          [
              _Tp=double
          ]
          and
          [
              _Tp=uchar
          ]
D:\FACULTATE\AN 4\PRS\Project\PRS_PROJECT\OpenCVApplication.cpp(165,25): warning C4244: '=': conversion from '_Tp' to '_Tp', possible loss of data
          with
          [
              _Tp=double
          ]
          and
          [
              _Tp=uchar
          ]
D:\FACULTATE\AN 4\PRS\Project\PRS_PROJECT\OpenCVApplication.cpp(167,20): warning C4244: 'argument': conversion from '_Tp' to 'int', possible loss of data
          with
          [
              _Tp=float
          ]
D:\FACULTATE\AN 4\PRS\Project\PRS_PROJECT\OpenCVApplication.cpp(167,11): warning C4244: 'argument': conversion from '_Tp' to 'int', possible loss of data
          with
          [
              _Tp=float
          ]
  Generating code
  2 of 244 functions ( 0.8%) were compiled, the rest were copied from previous compilation.
    0 functions were new in current compilation
    0 functions had inline decision re-evaluated but remain unchanged
  Finished generating code
  OpenCVApplication.vcxproj -> D:\FACULTATE\AN 4\PRS\Project\PRS_PROJECT\x64\Release\OpenCVApplication.exe
  OpenCV\dll\Release\opencv_ffmpeg310_64.dll
  OpenCV\dll\Release\opencv_world310.dll
          2 file(s) copied.
